<?xml version="1.0" encoding="utf-8"?><testsuites name="pytest tests"><testsuite name="pytest" errors="0" failures="0" skipped="0" tests="16" time="3.926" timestamp="2026-04-24T10:54:59.858603+00:00" hostname="agent-env-6f33ddd6-9f3e-497f-a4ba-99ef811367e3"><testcase classname="backend.tests.test_new_features" name="test_create_room" time="0.152" /><testcase classname="backend.tests.test_new_features" name="test_send_image_with_category[ally]" time="0.232" /><testcase classname="backend.tests.test_new_features" name="test_send_image_with_category[neutral]" time="0.191" /><testcase classname="backend.tests.test_new_features" name="test_send_image_with_category[enemy]" time="0.248" /><testcase classname="backend.tests.test_new_features" name="test_send_image_invalid_category_defaults_neutral" time="0.216" /><testcase classname="backend.tests.test_new_features" name="test_send_image_requires_master_token" time="0.198" /><testcase classname="backend.tests.test_new_features" name="test_remove_from_field_sets_inactive" time="0.240" /><testcase classname="backend.tests.test_new_features" name="test_remove_requires_master_token" time="0.294" /><testcase classname="backend.tests.test_new_features" name="test_remove_missing_image_returns_404" time="0.168" /><testcase classname="backend.tests.test_new_features" name="test_delete_image_removes_completely" time="0.275" /><testcase classname="backend.tests.test_new_features" name="test_delete_requires_master_token" time="0.183" /><testcase classname="backend.tests.test_new_features" name="test_delete_missing_returns_404" time="0.157" /><testcase classname="backend.tests.test_new_features" name="test_clear_history_empties_room" time="0.449" /><testcase classname="backend.tests.test_new_features" name="test_clear_history_requires_master_token" time="0.159" /><testcase classname="backend.tests.test_new_features" name="test_get_room_backfills_category_and_active" time="0.172" /><testcase classname="backend.tests.test_new_features" name="test_websocket_broadcasts_all_events" time="0.503" /></testsuite></testsuites>