<?xml version="1.0" encoding="utf-8"?><testsuites name="pytest tests"><testsuite name="pytest" errors="0" failures="0" skipped="0" tests="14" time="7.280" timestamp="2026-04-23T22:08:53.405670+00:00" hostname="agent-env-d5a03c61-9aed-4a1e-9a87-6d091651bbcc"><testcase classname="backend.tests.test_proietta" name="test_root" time="0.298" /><testcase classname="backend.tests.test_proietta" name="test_get_room_info_no_token_leak" time="0.309" /><testcase classname="backend.tests.test_proietta" name="test_get_room_invalid" time="0.161" /><testcase classname="backend.tests.test_proietta" name="test_join_invalid_code" time="0.149" /><testcase classname="backend.tests.test_proietta" name="test_join_empty_name" time="0.148" /><testcase classname="backend.tests.test_proietta" name="test_join_success" time="0.257" /><testcase classname="backend.tests.test_proietta" name="test_send_image_wrong_token" time="0.114" /><testcase classname="backend.tests.test_proietta" name="test_send_image_invalid_code" time="0.147" /><testcase classname="backend.tests.test_proietta" name="test_send_image_success_and_persist" time="0.240" /><testcase classname="backend.tests.test_proietta" name="test_upload_and_download" time="4.137" /><testcase classname="backend.tests.test_proietta" name="test_upload_wrong_token" time="0.104" /><testcase classname="backend.tests.test_proietta" name="test_websocket_image_broadcast" time="0.799" /><testcase classname="backend.tests.test_proietta" name="test_close_room_wrong_token" time="0.110" /><testcase classname="backend.tests.test_proietta" name="test_close_room_success" time="0.231" /></testsuite></testsuites>